<?xml version="1.0" encoding="UTF-8"?>
<testng-results skipped="0" failed="0" total="6" passed="6">
  <reporter-output>
  </reporter-output>
  <suite name="Default suite" duration-ms="124300" started-at="2019-08-08T14:11:42Z" finished-at="2019-08-08T14:13:46Z">
    <groups>
    </groups>
    <test name="Default test" duration-ms="124300" started-at="2019-08-08T14:11:42Z" finished-at="2019-08-08T14:13:46Z">
      <class name="com.atmecs.qa.testscripts.TestInfrastructureServicesPage">
        <test-method status="PASS" signature="preSetup()[pri:0, instance:com.atmecs.qa.testscripts.TestInfrastructureServicesPage@60addb54]" name="preSetup" is-config="true" duration-ms="12016" started-at="2019-08-08T19:41:42Z" finished-at="2019-08-08T19:41:54Z">
          <reporter-output>
          </reporter-output>
        </test-method> <!-- preSetup -->
        <test-method status="PASS" signature="testInfrastructureServicePageClick()[pri:1, instance:com.atmecs.qa.testscripts.TestInfrastructureServicesPage@60addb54]" name="testInfrastructureServicePageClick" duration-ms="35134" started-at="2019-08-08T19:41:54Z" finished-at="2019-08-08T19:42:29Z">
          <reporter-output>
          </reporter-output>
        </test-method> <!-- testInfrastructureServicePageClick -->
        <test-method status="PASS" signature="testInfrastructureManagementPageClick()[pri:2, instance:com.atmecs.qa.testscripts.TestInfrastructureServicesPage@60addb54]" name="testInfrastructureManagementPageClick" duration-ms="13016" started-at="2019-08-08T19:42:29Z" finished-at="2019-08-08T19:42:42Z">
          <reporter-output>
          </reporter-output>
        </test-method> <!-- testInfrastructureManagementPageClick -->
        <test-method status="PASS" signature="testCloudInfrastructurePageClick()[pri:3, instance:com.atmecs.qa.testscripts.TestInfrastructureServicesPage@60addb54]" name="testCloudInfrastructurePageClick" duration-ms="13778" started-at="2019-08-08T19:42:42Z" finished-at="2019-08-08T19:42:56Z">
          <reporter-output>
          </reporter-output>
        </test-method> <!-- testCloudInfrastructurePageClick -->
        <test-method status="PASS" signature="testDevopsPageClick()[pri:4, instance:com.atmecs.qa.testscripts.TestInfrastructureServicesPage@60addb54]" name="testDevopsPageClick" duration-ms="11972" started-at="2019-08-08T19:42:56Z" finished-at="2019-08-08T19:43:08Z">
          <reporter-output>
          </reporter-output>
        </test-method> <!-- testDevopsPageClick -->
        <test-method status="PASS" signature="testNOCServicesPageClick()[pri:5, instance:com.atmecs.qa.testscripts.TestInfrastructureServicesPage@60addb54]" name="testNOCServicesPageClick" duration-ms="15983" started-at="2019-08-08T19:43:08Z" finished-at="2019-08-08T19:43:24Z">
          <reporter-output>
          </reporter-output>
        </test-method> <!-- testNOCServicesPageClick -->
        <test-method status="PASS" signature="testDataCenterManagementPageClick()[pri:6, instance:com.atmecs.qa.testscripts.TestInfrastructureServicesPage@60addb54]" name="testDataCenterManagementPageClick" duration-ms="20200" started-at="2019-08-08T19:43:24Z" finished-at="2019-08-08T19:43:44Z">
          <reporter-output>
          </reporter-output>
        </test-method> <!-- testDataCenterManagementPageClick -->
        <test-method status="PASS" signature="tearDown()[pri:0, instance:com.atmecs.qa.testscripts.TestInfrastructureServicesPage@60addb54]" name="tearDown" is-config="true" duration-ms="2158" started-at="2019-08-08T19:43:44Z" finished-at="2019-08-08T19:43:46Z">
          <reporter-output>
          </reporter-output>
        </test-method> <!-- tearDown -->
      </class> <!-- com.atmecs.qa.testscripts.TestInfrastructureServicesPage -->
    </test> <!-- Default test -->
  </suite> <!-- Default suite -->
</testng-results>
