<?xml version="1.0" encoding="UTF-8"?>
<testng-results skipped="0" failed="0" total="1" passed="1">
  <reporter-output>
  </reporter-output>
  <suite name="Default suite" duration-ms="28129" started-at="2019-08-09T11:41:36Z" finished-at="2019-08-09T11:42:04Z">
    <groups>
    </groups>
    <test name="Default test" duration-ms="28129" started-at="2019-08-09T11:41:36Z" finished-at="2019-08-09T11:42:04Z">
      <class name="com.atmecs.qa.testscripts.TestCloudServicesPage">
        <test-method status="PASS" signature="preSetup()[pri:0, instance:com.atmecs.qa.testscripts.TestCloudServicesPage@60addb54]" name="preSetup" is-config="true" duration-ms="13527" started-at="2019-08-09T17:11:36Z" finished-at="2019-08-09T17:11:49Z">
          <reporter-output>
          </reporter-output>
        </test-method> <!-- preSetup -->
        <test-method status="PASS" signature="testCloudServicesPageClick()[pri:0, instance:com.atmecs.qa.testscripts.TestCloudServicesPage@60addb54]" name="testCloudServicesPageClick" duration-ms="12790" started-at="2019-08-09T17:11:49Z" finished-at="2019-08-09T17:12:02Z">
          <reporter-output>
          </reporter-output>
        </test-method> <!-- testCloudServicesPageClick -->
        <test-method status="PASS" signature="tearDown()[pri:0, instance:com.atmecs.qa.testscripts.TestCloudServicesPage@60addb54]" name="tearDown" is-config="true" duration-ms="1785" started-at="2019-08-09T17:12:02Z" finished-at="2019-08-09T17:12:04Z">
          <reporter-output>
          </reporter-output>
        </test-method> <!-- tearDown -->
      </class> <!-- com.atmecs.qa.testscripts.TestCloudServicesPage -->
    </test> <!-- Default test -->
  </suite> <!-- Default suite -->
</testng-results>
