<?xml version="1.0" encoding="UTF-8"?>
<!-- Generated by org.testng.reporters.JUnitXMLReporter -->
<testsuite hostname="ATMECSINDT-076" name="DigitalLifePage" tests="6" failures="0" timestamp="9 Aug 2019 11:31:57 GMT" time="118.172" errors="0">
  <testcase name="testDigitalLifePageClick" time="44.607" classname="com.atmecs.qa.testscripts.TestDigitalLifePage"/>
  <testcase name="testArtificialIntelligencePageClick" time="12.909" classname="com.atmecs.qa.testscripts.TestDigitalLifePage"/>
  <testcase name="testVirtualRealityPageClick" time="13.315" classname="com.atmecs.qa.testscripts.TestDigitalLifePage"/>
  <testcase name="testBlockchainPageClick" time="10.669" classname="com.atmecs.qa.testscripts.TestDigitalLifePage"/>
  <testcase name="testRoboticPageClick" time="11.2" classname="com.atmecs.qa.testscripts.TestDigitalLifePage"/>
  <testcase name="testInternetOfThingsPageClick" time="11.407" classname="com.atmecs.qa.testscripts.TestDigitalLifePage"/>
</testsuite> <!-- DigitalLifePage -->
