<?xml version="1.0" encoding="UTF-8"?>
<!-- Generated by org.testng.reporters.JUnitXMLReporter -->
<testsuite hostname="ATMECSINDT-076" name="InfrastructureServicesPage" tests="6" failures="1" timestamp="8 Aug 2019 14:00:42 GMT" time="162.653" errors="0">
  <testcase name="testInfrastructureServicePageClick" time="20.245" classname="com.atmecs.qa.testscripts.TestInfrastructureServicesPage">
    <failure type="java.lang.IllegalArgumentException" message="Cannot find elements when the XPath is null.">
      <![CDATA[java.lang.IllegalArgumentException: Cannot find elements when the XPath is null.
	at org.openqa.selenium.By$ByXPath.<init>(By.java:339)
	at org.openqa.selenium.By.xpath(By.java:92)
	at com.atmecs.qa.utils.CommonUtilityMethods.click(CommonUtilityMethods.java:89)
	at com.atmecs.qa.pages.ServicePage.clickReadMoreButton(ServicePage.java:128)
	at com.atmecs.qa.pages.InfrastructureServicesPage.infrastructure_Services_Menu(InfrastructureServicesPage.java:55)
	at com.atmecs.qa.testscripts.TestInfrastructureServicesPage.testInfrastructureServicePageClick(TestInfrastructureServicesPage.java:31)
... Removed 24 stack frames]]>
    </failure>
  </testcase> <!-- testInfrastructureServicePageClick -->
  <testcase name="testInfrastructureManagementPageClick" time="22.472" classname="com.atmecs.qa.testscripts.TestInfrastructureServicesPage"/>
  <testcase name="testCloudInfrastructurePageClick" time="22.645" classname="com.atmecs.qa.testscripts.TestInfrastructureServicesPage"/>
  <testcase name="testDevopsPageClick" time="21.834" classname="com.atmecs.qa.testscripts.TestInfrastructureServicesPage"/>
  <testcase name="testNOCServicesPageClick" time="24.395" classname="com.atmecs.qa.testscripts.TestInfrastructureServicesPage"/>
  <testcase name="testDataCenterManagementPageClick" time="30.281" classname="com.atmecs.qa.testscripts.TestInfrastructureServicesPage"/>
</testsuite> <!-- InfrastructureServicesPage -->
