<?xml version="1.0" encoding="UTF-8"?>
<!-- Generated by org.testng.reporters.JUnitXMLReporter -->
<testsuite hostname="ATMECSINDT-076" name="test2" tests="6" failures="0" timestamp="6 Aug 2019 09:50:53 GMT" time="86.756" errors="0">
  <testcase name="testDigitalLifePageClick" time="30.285" classname="com.atmecs.qa.testscripts.TestDigitalLifePage"/>
  <testcase name="testArtificialIntelligencePageClick" time="9.097" classname="com.atmecs.qa.testscripts.TestDigitalLifePage"/>
  <testcase name="testVirtualRealityPageClick" time="8.929" classname="com.atmecs.qa.testscripts.TestDigitalLifePage"/>
  <testcase name="testBlockchainPageClick" time="8.204" classname="com.atmecs.qa.testscripts.TestDigitalLifePage"/>
  <testcase name="testRoboticPageClick" time="9.99" classname="com.atmecs.qa.testscripts.TestDigitalLifePage"/>
  <testcase name="testInternetOfThingsPageClick" time="8.875" classname="com.atmecs.qa.testscripts.TestDigitalLifePage"/>
</testsuite> <!-- test2 -->
