<?xml version="1.0" encoding="UTF-8"?>
<!-- Generated by org.testng.reporters.JUnitXMLReporter -->
<testsuite hostname="ATMECSINDT-076" name="Default test" tests="6" failures="0" timestamp="8 Aug 2019 14:13:46 GMT" time="124.3" errors="0">
  <testcase name="testInfrastructureServicePageClick" time="35.134" classname="com.atmecs.qa.testscripts.TestInfrastructureServicesPage"/>
  <testcase name="testInfrastructureManagementPageClick" time="13.016" classname="com.atmecs.qa.testscripts.TestInfrastructureServicesPage"/>
  <testcase name="testCloudInfrastructurePageClick" time="13.778" classname="com.atmecs.qa.testscripts.TestInfrastructureServicesPage"/>
  <testcase name="testDevopsPageClick" time="11.972" classname="com.atmecs.qa.testscripts.TestInfrastructureServicesPage"/>
  <testcase name="testNOCServicesPageClick" time="15.983" classname="com.atmecs.qa.testscripts.TestInfrastructureServicesPage"/>
  <testcase name="testDataCenterManagementPageClick" time="20.2" classname="com.atmecs.qa.testscripts.TestInfrastructureServicesPage"/>
</testsuite> <!-- Default test -->
